303 4839 10
303 9375 10
303 9375 7
303 8367 5
303 7863 4
303 9375 4
807 5343 10
807 9879 10
807 9879 7
807 8871 5
807 8367 4
807 9879 4
1311 5847 10
1311 9375 9
1311 8871 6
1311 9375 5
1311 8871 4
1814 8315 4
1815 6351 10
1815 9879 9
1815 9375 6
1815 9879 5
1815 9375 4
2319 6855 10
2319 9375 8
2319 9879 6
2319 8367 4
2319 9879 4
2823 7359 10
2823 9879 8
2823 8871 5
2823 8871 4
3327 7863 10
3327 9375 7
3327 9375 5
3327 9375 4
3831 8367 10
3831 9879 7
3831 9879 5
3831 9879 4
4335 8871 10
4335 9375 6
4335 8871 4
4839 9375 10
4839 9879 6
4839 9375 4
5343 9879 10
5343 9375 5
5343 9879 4
5847 9879 9
5847 9879 5
6351 9879 8
6351 9375 4
6855 9879 7
6855 9879 4
7359 9879 6
7863 9879 5
8367 9879 4
