36 14560
72 27693
87 10178
583 20620
611 13819
645 8884
820 9060
964 10830
985 11276
995 16453
1070 13436
1190 12060
1603 15600
1622 19994
1714 11935
1746 17875
1779 11969
1870 12172
2122 23396
2148 14232
2239 13750
2692 23564
2911 16280
3019 14192
3048 22584
3134 18734
3181 17470
3295 17628
3342 9875
3361 15697
3436 11613
3454 20847
3711 11978
3714 23541
3890 15360
4058 13468
4115 9950
4256 11086
4323 21954
4364 13147
4398 12818
4475 15523
4482 17372
4893 15450
5016 17697
5114 14194
5203 19219
5215 15361
5312 12274
5329 20312
5330 16565
5521 20957
5598 23015
5632 11816
5739 20902
5765 9569
5918 11407
5976 14386
