227
352
244
448
190
155
54
341
228
418
316
231
154
215
251
276
239
402
326
404
146
149
134
140
404
57
372
243
295
168
299
322
309
439
108
229
366
254
64
333
201
181
314
242
199
102
405
118
423
381
31
211
208
210
259
378
70
451
255
249
156
217
223
217
270
466
311
126
154
187
125
111
359
147
162
377
369
415
155
95
140
260
364
188
304
286
178
221
162
281
189
213
347
240
185
308
336
399
502
263
152
124
460
181
314
70
339
340
339
225
344
141
373
332
468
190
116
103
157
410
435
295
338
380
292
216
248
196
360
152
427
177
255
343
316
116
403
377
61
131
190
314
207
371
265
177
383
136
445
237
418
464
297
95
131
356
392
99
396
164
254
350
362
190
421
296
109
412
298
264
399
201
425
538
334
502
280
301
251
210
304
439
356
134
310
242
493
286
178
378
123
264
283
400
374
181
366
99
304
414
289
337
110
268
224
243
339
139
133
73
317
287
449
161
116
289
238
190
252
174
262
182
563
367
294
216
467
267
325
472
115
334
63
171
118
322
159
344
453
175
347
223
212
302
84
211
164
71
191
401
284
62
282
417
243
447
235
180
211
299
465
311
168
271
209
181
146
243
321
239
132
291
290
427
69
204
255
230
67
281
304
210
249
388
298
138
313
228
77
185
80
187
365
95
311
265
386
286
443
439
187
410
292
382
399
317
82
195
131
388
251
386
324
437
340
276
427
149
217
269
291
408
136
218
142
239
270
56
397
146
451
213
277
390
494
436
207
85
207
229
345
258
336
188
253
248
193
198
281
156
111
470
292
170
387
82
230
207
233
289
422
344
131
331
154
178
286
443
82
151
184
427
132
161
201
376
115
149
226
150
431
484
74
271
314
323
324
362
366
291
367
190
248
69
72
182
288
199
343
264
204
437
45
210
416
218
265
172
260
280
414
98
324
127
162
186
415
85
305
88
166
403
117
169
480
245
485
521
73
166
139
291
343
325
80
235
115
396
377
326
242
142
416
185
454
222
307
253
97
125
82
214
409
380
396
314
186
158
242
396
92
293
290
240
326
46
390
432
175
127
92
527
329
408
325
524
586
410
251
227
436
421
102
223
307
373
26
284
326
400
368
369
475
123
482
550
427
172
309
69
550
375
58
131
298
289
131
116
334
399
370
289
330
339
288
103
142
25
147
309
330
395
525
115
203
400
210
332
201
308
260
104
317
355
183
168
320
283
92
168
32
197
136
291
474
225
275
227
186
152
420
222
459
286
281
81
369
63
258
329
505
333
244
517
418
296
500
112
246
71
408
401
382
30
409
395
32
131
81
416
85
405
340
259
71
139
395
507
178
279
109
152
243
409
180
365
267
152
285
285
288
102
372
162
212
216
285
351
167
74
144
423
202
455
368
92
341
154
143
60
317
409
182
351
96
256
163
160
27
430
226
437
418
198
113
208
375
86
84
158
124
93
245
284
141
451
156
99
205
81
203
178
460
141
197
343
367
376
292
127
363
312
285
197
296
227
164
564
288
178
115
467
220
150
165
31
306
52
126
119
169
453
123
102
43
297
427
256
136
374
301
376
104
339
294
234
132
301
277
328
294
378
304
161
82
343
430
210
189
77
199
169
180
149
105
315
114
230
281
183
295
325
155
84
47
197
415
468
235
295
422
374
493
240
441
426
193
400
211
101
66
174
178
189
244
232
208
340
489
273
299
379
169
46
110
242
424
210
274
280
372
416
204
252
295
91
506
346
586
91
151
206
312
146
388
70
253
377
339
105
112
337
368
336
324
591
201
371
292
202
244
346
430
484
300
382
203
289
406
213
131
410
250
278
396
134
109
198
355
504
55
222
217
435
313
297
269
297
83
174
190
157
249
63
129
80
412
38
273
114
147
220
234
431
34
223
271
347
345
114
276
211
252
191
150
237
253
279
162
244
326
357
331
252
352
64
131
323
407
172
249
166
286
174
337
206
40
297
464
260
367
389
259
397
140
133
245
347
99
124
212
134
117
126
294
217
298
232
403
414
459
175
438
311
48
175
279
368
327
107
404
299
204
93
328
371
187
293
343
386
72
369
385
120
485
130
382
363
354
248
225
203
373
106
211
168
44
107
139
209
178
395
301
352
166
107
145
300
111
190
375
369
133
378
182
245
128
348
406
262
387
332
371
185
473
347
66
149
289
431
338
342
280
305
393
278
362
52
117
61
290
251
356
224
301
46
134
618
200
519
230
79
130
361
140
286
470
435
307
336
141
226
423
128
348
243
391
487
348
340
